Wed Jul 30 09:59:01 HKT 2014
smb_scheduler exit, restart.
Wed Jul 30 10:45:04 HKT 2014
smb_scheduler exit, restart.
smb_scheduler exit, restart.
Thu Jul 31 16:14:27 HKT 2014
Fri Aug  8 14:25:52 HKT 2014
xchanged exit, restart.
Fri Aug  8 14:26:53 HKT 2014
smb_scheduler exit, restart.
Mon Oct 13 12:57:46 HKT 2014
smb_scheduler exit, restart.
Fri Oct 17 13:49:58 HKT 2014
smb_scheduler exit, restart.
Fri Oct 17 14:13:00 HKT 2014
smb_scheduler exit, restart.
Fri Oct 17 14:19:01 HKT 2014
smb_scheduler exit, restart.
Fri Oct 17 14:26:03 HKT 2014
smb_scheduler exit, restart.
Fri Oct 17 14:28:04 HKT 2014
smb_scheduler exit, restart.
Fri Oct 17 14:33:05 HKT 2014
smb_scheduler exit, restart.
Fri Oct 17 14:34:06 HKT 2014
smb_scheduler exit, restart.
Fri Oct 17 14:41:08 HKT 2014
smb_scheduler exit, restart.
Fri Oct 17 14:49:09 HKT 2014
smb_scheduler exit, restart.
Fri Oct 17 14:57:10 HKT 2014
smb_scheduler exit, restart.
Fri Oct 17 15:46:14 HKT 2014
smb_scheduler exit, restart.
Fri Oct 17 15:53:15 HKT 2014
smb_scheduler exit, restart.
Fri Oct 17 15:55:16 HKT 2014
smb_scheduler exit, restart.
Fri Oct 17 16:03:18 HKT 2014
smb_scheduler exit, restart.
Fri Oct 17 16:28:20 HKT 2014
smb_scheduler exit, restart.
Thu Mar 26 18:50:20 HKT 2015
xchanged exit, restart.
Fri Mar 27 09:34:28 HKT 2015
xchanged exit, restart.
Fri Mar 27 09:38:59 HKT 2015
xchanged exit, restart.
Fri Mar 27 10:04:31 HKT 2015
xchanged exit, restart.
Fri Mar 27 10:29:03 HKT 2015
xchanged exit, restart.
Fri Mar 27 10:34:35 HKT 2015
xchanged exit, restart.
Fri Mar 27 14:56:17 HKT 2015
xchanged exit, restart.
Fri Apr 10 17:17:35 HKT 2015
smb_scheduler exit, restart.
Fri Apr 10 17:17:35 HKT 2015
smb_scheduler exit, restart.
Fri Apr 10 17:17:36 HKT 2015
smb_scheduler exit, restart.
Fri Apr 10 17:17:36 HKT 2015
smb_scheduler exit, restart.
Fri Apr 10 17:17:37 HKT 2015
smb_scheduler exit, restart.
Fri Apr 10 17:17:37 HKT 2015
smb_scheduler exit, restart.
Fri Apr 10 17:17:38 HKT 2015
smb_scheduler exit, restart.
Fri Apr 10 17:17:38 HKT 2015
smb_scheduler exit, restart.
Fri Apr 10 17:17:39 HKT 2015
smb_scheduler exit, restart.
Fri Apr 10 17:17:40 HKT 2015
smb_scheduler exit, restart.
Fri Apr 10 17:17:40 HKT 2015
smb_scheduler exit, restart.
Fri Apr 10 17:17:41 HKT 2015
smb_scheduler exit, restart.
Fri Apr 10 17:17:41 HKT 2015
smb_scheduler exit, restart.
Fri Apr 10 17:17:42 HKT 2015
smb_scheduler exit, restart.
Fri Apr 10 17:17:42 HKT 2015
smb_scheduler exit, restart.
Fri Apr 10 17:17:43 HKT 2015
smb_scheduler exit, restart.
Fri Apr 10 17:17:43 HKT 2015
smb_scheduler exit, restart.
Fri Apr 10 17:17:44 HKT 2015
smb_scheduler exit, restart.
Fri Apr 10 17:17:45 HKT 2015
smb_scheduler exit, restart.
Fri Apr 10 17:17:45 HKT 2015
smb_scheduler exit, restart.
Fri Apr 10 17:17:46 HKT 2015
smb_scheduler exit, restart.
Fri Apr 10 17:17:46 HKT 2015
smb_scheduler exit, restart.
Fri Apr 10 17:17:47 HKT 2015
smb_scheduler exit, restart.
Fri Apr 10 17:17:47 HKT 2015
smb_scheduler exit, restart.
Fri Apr 10 17:17:48 HKT 2015
smb_scheduler exit, restart.
Fri Apr 10 17:17:48 HKT 2015
smb_scheduler exit, restart.
Fri Apr 10 17:17:49 HKT 2015
smb_scheduler exit, restart.
Fri Apr 10 17:17:49 HKT 2015
smb_scheduler exit, restart.
Fri Apr 10 17:17:50 HKT 2015
smb_scheduler exit, restart.
Fri Apr 10 17:17:51 HKT 2015
smb_scheduler exit, restart.
Fri Apr 10 17:17:51 HKT 2015
smb_scheduler exit, restart.
Fri Apr 10 17:17:52 HKT 2015
smb_scheduler exit, restart.
Fri Apr 10 17:17:52 HKT 2015
smb_scheduler exit, restart.
Fri Apr 10 17:17:53 HKT 2015
smb_scheduler exit, restart.
Fri Apr 10 17:17:53 HKT 2015
smb_scheduler exit, restart.
Fri Apr 10 17:17:54 HKT 2015
smb_scheduler exit, restart.
Fri Apr 10 17:17:54 HKT 2015
smb_scheduler exit, restart.
Fri Apr 10 17:17:55 HKT 2015
smb_scheduler exit, restart.
Fri Apr 10 17:17:56 HKT 2015
smb_scheduler exit, restart.
Fri Apr 10 17:17:56 HKT 2015
smb_scheduler exit, restart.
Fri Apr 10 17:17:57 HKT 2015
smb_scheduler exit, restart.
Fri Apr 10 17:17:57 HKT 2015
smb_scheduler exit, restart.
Fri Apr 10 17:17:58 HKT 2015
smb_scheduler exit, restart.
Fri Apr 10 17:17:58 HKT 2015
smb_scheduler exit, restart.
Fri Apr 10 17:17:59 HKT 2015
smb_scheduler exit, restart.
Fri Apr 10 17:17:59 HKT 2015
smb_scheduler exit, restart.
Fri Apr 10 17:18:00 HKT 2015
smb_scheduler exit, restart.
Fri Apr 10 17:18:01 HKT 2015
smb_scheduler exit, restart.
Fri Apr 10 17:18:01 HKT 2015
smb_scheduler exit, restart.
Fri Apr 10 17:18:02 HKT 2015
smb_scheduler exit, restart.
Fri Apr 10 17:18:02 HKT 2015
smb_scheduler exit, restart.
Fri Apr 10 17:18:03 HKT 2015
smb_scheduler exit, restart.
Fri Apr 10 17:18:03 HKT 2015
smb_scheduler exit, restart.
Fri Apr 10 17:18:04 HKT 2015
smb_scheduler exit, restart.
Fri Apr 10 17:18:04 HKT 2015
smb_scheduler exit, restart.
Fri Apr 10 17:18:05 HKT 2015
smb_scheduler exit, restart.
Fri Apr 10 17:18:05 HKT 2015
smb_scheduler exit, restart.
Fri Apr 10 17:18:06 HKT 2015
smb_scheduler exit, restart.
Mon May  4 16:06:01 HKT 2015
xchanged exit, restart.
Mon May  4 16:16:09 HKT 2015
xchanged exit, restart.
Mon May  4 16:26:40 HKT 2015
xchanged exit, restart.
Fri May 22 14:01:19 HKT 2015
xchanged exit, restart.
Fri May 22 14:01:50 HKT 2015
xchanged exit, restart.
Wed Jun 17 11:04:13 HKT 2015
xchanged exit, restart.
Wed Jun 17 14:08:48 HKT 2015
xchanged exit, restart.
Wed Jun 17 15:29:22 HKT 2015
xchanged exit, restart.
Wed Jun 17 15:55:53 HKT 2015
xchanged exit, restart.
Fri Oct 16 13:35:50 HKT 2015
xchanged exit, restart.
Mon Nov  2 11:05:00 HKT 2015
xchanged exit, restart.
Mon Nov  2 13:19:34 HKT 2015
xchanged exit, restart.
Mon Nov  2 14:29:07 HKT 2015
xchanged exit, restart.
Fri Jan  8 16:30:12 HKT 2016
xchanged exit, restart.
Fri Jan  8 16:37:13 HKT 2016
xchanged exit, restart.
Fri Jan  8 16:55:15 HKT 2016
xchanged exit, restart.
Fri Mar 18 14:03:32 HKT 2016
xchanged exit, restart.
Tue Oct 25 09:07:38 HKT 2016
xchanged exit, restart.
2016年 10月 25日 星期二 09:44:18 HKT
xchanged exit, restart.
Fri Dec  2 13:09:43 HKT 2016
xchanged exit, restart.
Fri Nov  9 15:13:43 HKT 2018
xchanged exit, restart.
Fri Nov  9 15:24:15 HKT 2018
xchanged exit, restart.
Fri Nov 30 23:55:58 HKT 2018
xchanged exit, restart.
Fri Nov 23 16:39:03 HKT 2018
xchanged exit, restart.
Fri Nov 23 18:18:39 HKT 2018
xchanged exit, restart.
Thu Apr  4 18:14:25 HKT 2019
xchanged exit, restart.
Mon Apr 15 18:57:16 HKT 2019
xchanged exit, restart.
Fri Apr 26 16:21:12 HKT 2019
xchanged exit, restart.
Fri Apr 26 18:51:50 HKT 2019
xchanged exit, restart.
